This is pdfTeX, Version 3.141592653-2.6-1.40.27 (TeX Live 2025) (preloaded format=pdflatex 2025.3.8)  21 JAN 2026 13:51
entering extended mode
 restricted \write18 enabled.
 %&-line parsing enabled.
**quantumlaw.tex
(./quantumlaw.tex
LaTeX2e <2024-11-01> patch level 2
L3 programming layer <2025-01-18>
(/usr/local/texlive/2025/texmf-dist/tex/latex/beamer/beamer.cls
Document Class: beamer 2025/02/04 v3.72 A class for typesetting presentations
(/usr/local/texlive/2025/texmf-dist/tex/latex/beamer/beamerbasemodes.sty
(/usr/local/texlive/2025/texmf-dist/tex/latex/etoolbox/etoolbox.sty
Package: etoolbox 2025/02/11 v2.5l e-TeX tools for LaTeX (JAW)
\etb@tempcnta=\count196
)
\beamer@tempbox=\box52
\beamer@tempcount=\count197
\c@beamerpauses=\count198

(/usr/local/texlive/2025/texmf-dist/tex/latex/beamer/beamerbasedecode.sty
\beamer@slideinframe=\count199
\beamer@minimum=\count266
\beamer@decode@box=\box53
)
\beamer@commentbox=\box54
\beamer@modecount=\count267
)
(/usr/local/texlive/2025/texmf-dist/tex/generic/iftex/iftex.sty
Package: iftex 2024/12/12 v1.0g TeX engine tests
)
\headdp=\dimen141
\footheight=\dimen142
\sidebarheight=\dimen143
\beamer@tempdim=\dimen144
\beamer@finalheight=\dimen145
\beamer@animht=\dimen146
\beamer@animdp=\dimen147
\beamer@animwd=\dimen148
\beamer@leftmargin=\dimen149
\beamer@rightmargin=\dimen150
\beamer@leftsidebar=\dimen151
\beamer@rightsidebar=\dimen152
\beamer@boxsize=\dimen153
\beamer@vboxoffset=\dimen154
\beamer@descdefault=\dimen155
\beamer@descriptionwidth=\dimen156
\beamer@lastskip=\skip49
\beamer@areabox=\box55
\beamer@animcurrent=\box56
\beamer@animshowbox=\box57
\beamer@sectionbox=\box58
\beamer@logobox=\box59
\beamer@linebox=\box60
\beamer@sectioncount=\count268
\beamer@subsubsectionmax=\count269
\beamer@subsectionmax=\count270
\beamer@sectionmax=\count271
\beamer@totalheads=\count272
\beamer@headcounter=\count273
\beamer@partstartpage=\count274
\beamer@sectionstartpage=\count275
\beamer@subsectionstartpage=\count276
\beamer@animationtempa=\count277
\beamer@animationtempb=\count278
\beamer@xpos=\count279
\beamer@ypos=\count280
\beamer@ypos@offset=\count281
\beamer@showpartnumber=\count282
\beamer@currentsubsection=\count283
\beamer@coveringdepth=\count284
\beamer@sectionadjust=\count285
\beamer@toclastsection=\count286
\beamer@tocsectionnumber=\count287

(/usr/local/texlive/2025/texmf-dist/tex/latex/beamer/beamerbaseoptions.sty
(/usr/local/texlive/2025/texmf-dist/tex/latex/graphics/keyval.sty
Package: keyval 2022/05/29 v1.15 key=value parser (DPC)
\KV@toks@=\toks17
))
\beamer@paperwidth=\skip50
\beamer@paperheight=\skip51

(/usr/local/texlive/2025/texmf-dist/tex/latex/geometry/geometry.sty
Package: geometry 2020/01/02 v5.9 Page Geometry

(/usr/local/texlive/2025/texmf-dist/tex/generic/iftex/ifvtex.sty
Package: ifvtex 2019/10/25 v1.7 ifvtex legacy package. Use iftex instead.
)
\Gm@cnth=\count288
\Gm@cntv=\count289
\c@Gm@tempcnt=\count290
\Gm@bindingoffset=\dimen157
\Gm@wd@mp=\dimen158
\Gm@odd@mp=\dimen159
\Gm@even@mp=\dimen160
\Gm@layoutwidth=\dimen161
\Gm@layoutheight=\dimen162
\Gm@layouthoffset=\dimen163
\Gm@layoutvoffset=\dimen164
\Gm@dimlist=\toks18
)
(/usr/local/texlive/2025/texmf-dist/tex/latex/pgf/math/pgfmath.sty
(/usr/local/texlive/2025/texmf-dist/tex/latex/pgf/utilities/pgfrcs.sty
(/usr/local/texlive/2025/texmf-dist/tex/generic/pgf/utilities/pgfutil-common.te
x
\pgfutil@everybye=\toks19
\pgfutil@tempdima=\dimen165
\pgfutil@tempdimb=\dimen166
)
(/usr/local/texlive/2025/texmf-dist/tex/generic/pgf/utilities/pgfutil-latex.def
\pgfutil@abb=\box61
) (/usr/local/texlive/2025/texmf-dist/tex/generic/pgf/utilities/pgfrcs.code.tex
(/usr/local/texlive/2025/texmf-dist/tex/generic/pgf/pgf.revision.tex)
Package: pgfrcs 2023-01-15 v3.1.10 (3.1.10)
))
(/usr/local/texlive/2025/texmf-dist/tex/latex/pgf/utilities/pgfkeys.sty
(/usr/local/texlive/2025/texmf-dist/tex/generic/pgf/utilities/pgfkeys.code.tex
\pgfkeys@pathtoks=\toks20
\pgfkeys@temptoks=\toks21

(/usr/local/texlive/2025/texmf-dist/tex/generic/pgf/utilities/pgfkeyslibraryfil
tered.code.tex
\pgfkeys@tmptoks=\toks22
)))
(/usr/local/texlive/2025/texmf-dist/tex/generic/pgf/math/pgfmath.code.tex
(/usr/local/texlive/2025/texmf-dist/tex/generic/pgf/math/pgfmathutil.code.tex
\pgf@x=\dimen167
\pgf@xa=\dimen168
\pgf@xb=\dimen169
\pgf@xc=\dimen170
\pgf@y=\dimen171
\pgf@ya=\dimen172
\pgf@yb=\dimen173
\pgf@yc=\dimen174
\c@pgf@counta=\count291
\c@pgf@countb=\count292
\c@pgf@countc=\count293
\c@pgf@countd=\count294
)
(/usr/local/texlive/2025/texmf-dist/tex/generic/pgf/math/pgfmathparser.code.tex
\pgfmath@dimen=\dimen175
\pgfmath@count=\count295
\pgfmath@box=\box62
\pgfmath@toks=\toks23
\pgfmath@stack@operand=\toks24
\pgfmath@stack@operation=\toks25
)
(/usr/local/texlive/2025/texmf-dist/tex/generic/pgf/math/pgfmathfunctions.code.
tex)
(/usr/local/texlive/2025/texmf-dist/tex/generic/pgf/math/pgfmathfunctions.basic
.code.tex)
(/usr/local/texlive/2025/texmf-dist/tex/generic/pgf/math/pgfmathfunctions.trigo
nometric.code.tex)
(/usr/local/texlive/2025/texmf-dist/tex/generic/pgf/math/pgfmathfunctions.rando
m.code.tex)
(/usr/local/texlive/2025/texmf-dist/tex/generic/pgf/math/pgfmathfunctions.compa
rison.code.tex)
(/usr/local/texlive/2025/texmf-dist/tex/generic/pgf/math/pgfmathfunctions.base.
code.tex)
(/usr/local/texlive/2025/texmf-dist/tex/generic/pgf/math/pgfmathfunctions.round
.code.tex)
(/usr/local/texlive/2025/texmf-dist/tex/generic/pgf/math/pgfmathfunctions.misc.
code.tex)
(/usr/local/texlive/2025/texmf-dist/tex/generic/pgf/math/pgfmathfunctions.integ
erarithmetics.code.tex)
(/usr/local/texlive/2025/texmf-dist/tex/generic/pgf/math/pgfmathcalc.code.tex)
(/usr/local/texlive/2025/texmf-dist/tex/generic/pgf/math/pgfmathfloat.code.tex
\c@pgfmathroundto@lastzeros=\count296
))) (/usr/local/texlive/2025/texmf-dist/tex/latex/base/size11.clo
File: size11.clo 2024/06/29 v1.4n Standard LaTeX file (size option)
)
(/usr/local/texlive/2025/texmf-dist/tex/latex/pgf/basiclayer/pgfcore.sty
(/usr/local/texlive/2025/texmf-dist/tex/latex/graphics/graphicx.sty
Package: graphicx 2021/09/16 v1.2d Enhanced LaTeX Graphics (DPC,SPQR)

(/usr/local/texlive/2025/texmf-dist/tex/latex/graphics/graphics.sty
Package: graphics 2024/08/06 v1.4g Standard LaTeX Graphics (DPC,SPQR)

(/usr/local/texlive/2025/texmf-dist/tex/latex/graphics/trig.sty
Package: trig 2023/12/02 v1.11 sin cos tan (DPC)
)
(/usr/local/texlive/2025/texmf-dist/tex/latex/graphics-cfg/graphics.cfg
File: graphics.cfg 2016/06/04 v1.11 sample graphics configuration
)
Package graphics Info: Driver file: pdftex.def on input line 106.

(/usr/local/texlive/2025/texmf-dist/tex/latex/graphics-def/pdftex.def
File: pdftex.def 2024/04/13 v1.2c Graphics/color driver for pdftex
))
\Gin@req@height=\dimen176
\Gin@req@width=\dimen177
)
(/usr/local/texlive/2025/texmf-dist/tex/latex/pgf/systemlayer/pgfsys.sty
(/usr/local/texlive/2025/texmf-dist/tex/generic/pgf/systemlayer/pgfsys.code.tex
Package: pgfsys 2023-01-15 v3.1.10 (3.1.10)
\pgf@x=\dimen178
\pgf@y=\dimen179
\pgf@xa=\dimen180
\pgf@ya=\dimen181
\pgf@xb=\dimen182
\pgf@yb=\dimen183
\pgf@xc=\dimen184
\pgf@yc=\dimen185
\pgf@xd=\dimen186
\pgf@yd=\dimen187
\w@pgf@writea=\write3
\r@pgf@reada=\read2
\c@pgf@counta=\count297
\c@pgf@countb=\count298
\c@pgf@countc=\count299
\c@pgf@countd=\count300
\t@pgf@toka=\toks26
\t@pgf@tokb=\toks27
\t@pgf@tokc=\toks28
\pgf@sys@id@count=\count301
(/usr/local/texlive/2025/texmf-dist/tex/generic/pgf/systemlayer/pgf.cfg
File: pgf.cfg 2023-01-15 v3.1.10 (3.1.10)
)
Driver file for pgf: pgfsys-pdftex.def

(/usr/local/texlive/2025/texmf-dist/tex/generic/pgf/systemlayer/pgfsys-pdftex.d
ef
File: pgfsys-pdftex.def 2023-01-15 v3.1.10 (3.1.10)

(/usr/local/texlive/2025/texmf-dist/tex/generic/pgf/systemlayer/pgfsys-common-p
df.def
File: pgfsys-common-pdf.def 2023-01-15 v3.1.10 (3.1.10)
)))
(/usr/local/texlive/2025/texmf-dist/tex/generic/pgf/systemlayer/pgfsyssoftpath.
code.tex
File: pgfsyssoftpath.code.tex 2023-01-15 v3.1.10 (3.1.10)
\pgfsyssoftpath@smallbuffer@items=\count302
\pgfsyssoftpath@bigbuffer@items=\count303
)
(/usr/local/texlive/2025/texmf-dist/tex/generic/pgf/systemlayer/pgfsysprotocol.
code.tex
File: pgfsysprotocol.code.tex 2023-01-15 v3.1.10 (3.1.10)
)) (/usr/local/texlive/2025/texmf-dist/tex/latex/xcolor/xcolor.sty
Package: xcolor 2024/09/29 v3.02 LaTeX color extensions (UK)

(/usr/local/texlive/2025/texmf-dist/tex/latex/graphics-cfg/color.cfg
File: color.cfg 2016/01/02 v1.6 sample color configuration
)
Package xcolor Info: Driver file: pdftex.def on input line 274.

(/usr/local/texlive/2025/texmf-dist/tex/latex/graphics/mathcolor.ltx)
Package xcolor Info: Model `cmy' substituted by `cmy0' on input line 1349.
Package xcolor Info: Model `hsb' substituted by `rgb' on input line 1353.
Package xcolor Info: Model `RGB' extended on input line 1365.
Package xcolor Info: Model `HTML' substituted by `rgb' on input line 1367.
Package xcolor Info: Model `Hsb' substituted by `hsb' on input line 1368.
Package xcolor Info: Model `tHsb' substituted by `hsb' on input line 1369.
Package xcolor Info: Model `HSB' substituted by `hsb' on input line 1370.
Package xcolor Info: Model `Gray' substituted by `gray' on input line 1371.
Package xcolor Info: Model `wave' substituted by `hsb' on input line 1372.
)
(/usr/local/texlive/2025/texmf-dist/tex/generic/pgf/basiclayer/pgfcore.code.tex
Package: pgfcore 2023-01-15 v3.1.10 (3.1.10)
(/usr/local/texlive/2025/texmf-dist/tex/generic/pgf/math/pgfint.code.tex)
(/usr/local/texlive/2025/texmf-dist/tex/generic/pgf/basiclayer/pgfcorepoints.co
de.tex
File: pgfcorepoints.code.tex 2023-01-15 v3.1.10 (3.1.10)
\pgf@picminx=\dimen188
\pgf@picmaxx=\dimen189
\pgf@picminy=\dimen190
\pgf@picmaxy=\dimen191
\pgf@pathminx=\dimen192
\pgf@pathmaxx=\dimen193
\pgf@pathminy=\dimen194
\pgf@pathmaxy=\dimen195
\pgf@xx=\dimen196
\pgf@xy=\dimen197
\pgf@yx=\dimen198
\pgf@yy=\dimen199
\pgf@zx=\dimen256
\pgf@zy=\dimen257
)
(/usr/local/texlive/2025/texmf-dist/tex/generic/pgf/basiclayer/pgfcorepathconst
ruct.code.tex
File: pgfcorepathconstruct.code.tex 2023-01-15 v3.1.10 (3.1.10)
\pgf@path@lastx=\dimen258
\pgf@path@lasty=\dimen259
)
(/usr/local/texlive/2025/texmf-dist/tex/generic/pgf/basiclayer/pgfcorepathusage
.code.tex
File: pgfcorepathusage.code.tex 2023-01-15 v3.1.10 (3.1.10)
\pgf@shorten@end@additional=\dimen260
\pgf@shorten@start@additional=\dimen261
)
(/usr/local/texlive/2025/texmf-dist/tex/generic/pgf/basiclayer/pgfcorescopes.co
de.tex
File: pgfcorescopes.code.tex 2023-01-15 v3.1.10 (3.1.10)
\pgfpic=\box63
\pgf@hbox=\box64
\pgf@layerbox@main=\box65
\pgf@picture@serial@count=\count304
)
(/usr/local/texlive/2025/texmf-dist/tex/generic/pgf/basiclayer/pgfcoregraphicst
ate.code.tex
File: pgfcoregraphicstate.code.tex 2023-01-15 v3.1.10 (3.1.10)
\pgflinewidth=\dimen262
)
(/usr/local/texlive/2025/texmf-dist/tex/generic/pgf/basiclayer/pgfcoretransform
ations.code.tex
File: pgfcoretransformations.code.tex 2023-01-15 v3.1.10 (3.1.10)
\pgf@pt@x=\dimen263
\pgf@pt@y=\dimen264
\pgf@pt@temp=\dimen265
)
(/usr/local/texlive/2025/texmf-dist/tex/generic/pgf/basiclayer/pgfcorequick.cod
e.tex
File: pgfcorequick.code.tex 2023-01-15 v3.1.10 (3.1.10)
)
(/usr/local/texlive/2025/texmf-dist/tex/generic/pgf/basiclayer/pgfcoreobjects.c
ode.tex
File: pgfcoreobjects.code.tex 2023-01-15 v3.1.10 (3.1.10)
)
(/usr/local/texlive/2025/texmf-dist/tex/generic/pgf/basiclayer/pgfcorepathproce
ssing.code.tex
File: pgfcorepathprocessing.code.tex 2023-01-15 v3.1.10 (3.1.10)
)
(/usr/local/texlive/2025/texmf-dist/tex/generic/pgf/basiclayer/pgfcorearrows.co
de.tex
File: pgfcorearrows.code.tex 2023-01-15 v3.1.10 (3.1.10)
\pgfarrowsep=\dimen266
)
(/usr/local/texlive/2025/texmf-dist/tex/generic/pgf/basiclayer/pgfcoreshade.cod
e.tex
File: pgfcoreshade.code.tex 2023-01-15 v3.1.10 (3.1.10)
\pgf@max=\dimen267
\pgf@sys@shading@range@num=\count305
\pgf@shadingcount=\count306
)
(/usr/local/texlive/2025/texmf-dist/tex/generic/pgf/basiclayer/pgfcoreimage.cod
e.tex
File: pgfcoreimage.code.tex 2023-01-15 v3.1.10 (3.1.10)
)
(/usr/local/texlive/2025/texmf-dist/tex/generic/pgf/basiclayer/pgfcoreexternal.
code.tex
File: pgfcoreexternal.code.tex 2023-01-15 v3.1.10 (3.1.10)
\pgfexternal@startupbox=\box66
)
(/usr/local/texlive/2025/texmf-dist/tex/generic/pgf/basiclayer/pgfcorelayers.co
de.tex
File: pgfcorelayers.code.tex 2023-01-15 v3.1.10 (3.1.10)
)
(/usr/local/texlive/2025/texmf-dist/tex/generic/pgf/basiclayer/pgfcoretranspare
ncy.code.tex
File: pgfcoretransparency.code.tex 2023-01-15 v3.1.10 (3.1.10)
)
(/usr/local/texlive/2025/texmf-dist/tex/generic/pgf/basiclayer/pgfcorepatterns.
code.tex
File: pgfcorepatterns.code.tex 2023-01-15 v3.1.10 (3.1.10)
)
(/usr/local/texlive/2025/texmf-dist/tex/generic/pgf/basiclayer/pgfcorerdf.code.
tex
File: pgfcorerdf.code.tex 2023-01-15 v3.1.10 (3.1.10)
))) (/usr/local/texlive/2025/texmf-dist/tex/latex/pgf/utilities/xxcolor.sty
Package: xxcolor 2003/10/24 ver 0.1
\XC@nummixins=\count307
\XC@countmixins=\count308
) (/usr/local/texlive/2025/texmf-dist/tex/latex/base/atbegshi-ltx.sty
Package: atbegshi-ltx 2021/01/10 v1.0c Emulation of the original atbegshi
package with kernel methods
)
(/usr/local/texlive/2025/texmf-dist/tex/latex/hyperref/hyperref.sty
Package: hyperref 2024-11-05 v7.01l Hypertext links for LaTeX

(/usr/local/texlive/2025/texmf-dist/tex/latex/kvsetkeys/kvsetkeys.sty
Package: kvsetkeys 2022-10-05 v1.19 Key value parser (HO)
)
(/usr/local/texlive/2025/texmf-dist/tex/generic/kvdefinekeys/kvdefinekeys.sty
Package: kvdefinekeys 2019-12-19 v1.6 Define keys (HO)
)
(/usr/local/texlive/2025/texmf-dist/tex/generic/pdfescape/pdfescape.sty
Package: pdfescape 2019/12/09 v1.15 Implements pdfTeX's escape features (HO)

(/usr/local/texlive/2025/texmf-dist/tex/generic/ltxcmds/ltxcmds.sty
Package: ltxcmds 2023-12-04 v1.26 LaTeX kernel commands for general use (HO)
)
(/usr/local/texlive/2025/texmf-dist/tex/generic/pdftexcmds/pdftexcmds.sty
Package: pdftexcmds 2020-06-27 v0.33 Utility functions of pdfTeX for LuaTeX (HO
)

(/usr/local/texlive/2025/texmf-dist/tex/generic/infwarerr/infwarerr.sty
Package: infwarerr 2019/12/03 v1.5 Providing info/warning/error messages (HO)
)
Package pdftexcmds Info: \pdf@primitive is available.
Package pdftexcmds Info: \pdf@ifprimitive is available.
Package pdftexcmds Info: \pdfdraftmode found.
))
(/usr/local/texlive/2025/texmf-dist/tex/latex/hycolor/hycolor.sty
Package: hycolor 2020-01-27 v1.10 Color options for hyperref/bookmark (HO)
)
(/usr/local/texlive/2025/texmf-dist/tex/latex/hyperref/nameref.sty
Package: nameref 2023-11-26 v2.56 Cross-referencing by name of section

(/usr/local/texlive/2025/texmf-dist/tex/latex/refcount/refcount.sty
Package: refcount 2019/12/15 v3.6 Data extraction from label references (HO)
)
(/usr/local/texlive/2025/texmf-dist/tex/generic/gettitlestring/gettitlestring.s
ty
Package: gettitlestring 2019/12/15 v1.6 Cleanup title references (HO)
 (/usr/local/texlive/2025/texmf-dist/tex/latex/kvoptions/kvoptions.sty
Package: kvoptions 2022-06-15 v3.15 Key value format for package options (HO)
))
\c@section@level=\count309
)
(/usr/local/texlive/2025/texmf-dist/tex/generic/stringenc/stringenc.sty
Package: stringenc 2019/11/29 v1.12 Convert strings between diff. encodings (HO
)
)
\@linkdim=\dimen268
\Hy@linkcounter=\count310
\Hy@pagecounter=\count311

(/usr/local/texlive/2025/texmf-dist/tex/latex/hyperref/pd1enc.def
File: pd1enc.def 2024-11-05 v7.01l Hyperref: PDFDocEncoding definition (HO)
Now handling font encoding PD1 ...
... no UTF-8 mapping file for font encoding PD1
)
(/usr/local/texlive/2025/texmf-dist/tex/generic/intcalc/intcalc.sty
Package: intcalc 2019/12/15 v1.3 Expandable calculations with integers (HO)
)
\Hy@SavedSpaceFactor=\count312

(/usr/local/texlive/2025/texmf-dist/tex/latex/hyperref/puenc.def
File: puenc.def 2024-11-05 v7.01l Hyperref: PDF Unicode definition (HO)
Now handling font encoding PU ...
... no UTF-8 mapping file for font encoding PU
)
Package hyperref Info: Option `bookmarks' set `true' on input line 4040.
Package hyperref Info: Option `bookmarksopen' set `true' on input line 4040.
Package hyperref Info: Option `implicit' set `false' on input line 4040.
Package hyperref Info: Hyper figures OFF on input line 4157.
Package hyperref Info: Link nesting OFF on input line 4162.
Package hyperref Info: Hyper index ON on input line 4165.
Package hyperref Info: Plain pages OFF on input line 4172.
Package hyperref Info: Backreferencing OFF on input line 4177.
Package hyperref Info: Implicit mode OFF; no redefinition of LaTeX internals.
Package hyperref Info: Bookmarks ON on input line 4424.
\c@Hy@tempcnt=\count313

(/usr/local/texlive/2025/texmf-dist/tex/latex/url/url.sty
\Urlmuskip=\muskip17
Package: url 2013/09/16  ver 3.4  Verb mode for urls, etc.
)
LaTeX Info: Redefining \url on input line 4763.
\XeTeXLinkMargin=\dimen269

(/usr/local/texlive/2025/texmf-dist/tex/generic/bitset/bitset.sty
Package: bitset 2019/12/09 v1.3 Handle bit-vector datatype (HO)

(/usr/local/texlive/2025/texmf-dist/tex/generic/bigintcalc/bigintcalc.sty
Package: bigintcalc 2019/12/15 v1.5 Expandable calculations on big integers (HO
)
))
\Fld@menulength=\count314
\Field@Width=\dimen270
\Fld@charsize=\dimen271
Package hyperref Info: Hyper figures OFF on input line 6042.
Package hyperref Info: Link nesting OFF on input line 6047.
Package hyperref Info: Hyper index ON on input line 6050.
Package hyperref Info: backreferencing OFF on input line 6057.
Package hyperref Info: Link coloring OFF on input line 6062.
Package hyperref Info: Link coloring with OCG OFF on input line 6067.
Package hyperref Info: PDF/A mode OFF on input line 6072.
\Hy@abspage=\count315


Package hyperref Message: Stopped early.

)
Package hyperref Info: Driver (autodetected): hpdftex.
 (/usr/local/texlive/2025/texmf-dist/tex/latex/hyperref/hpdftex.def
File: hpdftex.def 2024-11-05 v7.01l Hyperref driver for pdfTeX

(/usr/local/texlive/2025/texmf-dist/tex/latex/base/atveryend-ltx.sty
Package: atveryend-ltx 2020/08/19 v1.0a Emulation of the original atveryend pac
kage
with kernel methods
)
\Fld@listcount=\count316
\c@bookmark@seq@number=\count317

(/usr/local/texlive/2025/texmf-dist/tex/latex/rerunfilecheck/rerunfilecheck.sty
Package: rerunfilecheck 2022-07-10 v1.10 Rerun checks for auxiliary files (HO)

(/usr/local/texlive/2025/texmf-dist/tex/generic/uniquecounter/uniquecounter.sty
Package: uniquecounter 2019/12/15 v1.4 Provide unlimited unique counter (HO)
)
Package uniquecounter Info: New unique counter `rerunfilecheck' on input line 2
85.
)) (/usr/local/texlive/2025/texmf-dist/tex/latex/beamer/beamerbaserequires.sty
(/usr/local/texlive/2025/texmf-dist/tex/latex/beamer/beamerbasecompatibility.st
y) (/usr/local/texlive/2025/texmf-dist/tex/latex/beamer/beamerbasefont.sty
(/usr/local/texlive/2025/texmf-dist/tex/latex/amsfonts/amssymb.sty
Package: amssymb 2013/01/14 v3.01 AMS font symbols

(/usr/local/texlive/2025/texmf-dist/tex/latex/amsfonts/amsfonts.sty
Package: amsfonts 2013/01/14 v3.01 Basic AMSFonts support
\@emptytoks=\toks29
\symAMSa=\mathgroup4
\symAMSb=\mathgroup5
LaTeX Font Info:    Redeclaring math symbol \hbar on input line 98.
LaTeX Font Info:    Overwriting math alphabet `\mathfrak' in version `bold'
(Font)                  U/euf/m/n --> U/euf/b/n on input line 106.
))
(/usr/local/texlive/2025/texmf-dist/tex/latex/sansmathaccent/sansmathaccent.sty
Package: sansmathaccent 2020/01/31
(/usr/local/texlive/2025/texmf-dist/tex/latex/koma-script/scrlfile.sty
Package: scrlfile 2024/10/24 v3.43 KOMA-Script package (file load hooks)

(/usr/local/texlive/2025/texmf-dist/tex/latex/koma-script/scrlfile-hook.sty
Package: scrlfile-hook 2024/10/24 v3.43 KOMA-Script package (using LaTeX hooks)


(/usr/local/texlive/2025/texmf-dist/tex/latex/koma-script/scrlogo.sty
Package: scrlogo 2024/10/24 v3.43 KOMA-Script package (logo)
)))))
(/usr/local/texlive/2025/texmf-dist/tex/latex/beamer/beamerbasetranslator.sty
(/usr/local/texlive/2025/texmf-dist/tex/latex/translator/translator.sty
Package: translator 2021-05-31 v1.12d Easy translation of strings in LaTeX
))
(/usr/local/texlive/2025/texmf-dist/tex/latex/beamer/beamerbasemisc.sty)
(/usr/local/texlive/2025/texmf-dist/tex/latex/beamer/beamerbasetwoscreens.sty)
(/usr/local/texlive/2025/texmf-dist/tex/latex/beamer/beamerbaseoverlay.sty
\beamer@argscount=\count318
\beamer@lastskipcover=\skip52
\beamer@trivlistdepth=\count319
)
(/usr/local/texlive/2025/texmf-dist/tex/latex/beamer/beamerbasetitle.sty)
(/usr/local/texlive/2025/texmf-dist/tex/latex/beamer/beamerbasesection.sty
\c@lecture=\count320
\c@part=\count321
\c@section=\count322
\c@subsection=\count323
\c@subsubsection=\count324
)
(/usr/local/texlive/2025/texmf-dist/tex/latex/beamer/beamerbaseframe.sty
\beamer@framebox=\box67
\beamer@frametitlebox=\box68
\beamer@zoombox=\box69
\beamer@zoomcount=\count325
\beamer@zoomframecount=\count326
\beamer@frametextheight=\dimen272
\c@subsectionslide=\count327
\beamer@frametopskip=\skip53
\beamer@framebottomskip=\skip54
\beamer@frametopskipautobreak=\skip55
\beamer@framebottomskipautobreak=\skip56
\beamer@envbody=\toks30
\framewidth=\dimen273
\c@framenumber=\count328
)
(/usr/local/texlive/2025/texmf-dist/tex/latex/beamer/beamerbaseverbatim.sty
\beamer@verbatimfileout=\write4
)
(/usr/local/texlive/2025/texmf-dist/tex/latex/beamer/beamerbaseframesize.sty
\beamer@splitbox=\box70
\beamer@autobreakcount=\count329
\beamer@autobreaklastheight=\dimen274
\beamer@frametitletoks=\toks31
\beamer@framesubtitletoks=\toks32
)
(/usr/local/texlive/2025/texmf-dist/tex/latex/beamer/beamerbaseframecomponents.
sty
\beamer@footins=\box71
) (/usr/local/texlive/2025/texmf-dist/tex/latex/beamer/beamerbasecolor.sty)
(/usr/local/texlive/2025/texmf-dist/tex/latex/beamer/beamerbasenotes.sty
\beamer@frameboxcopy=\box72
)
(/usr/local/texlive/2025/texmf-dist/tex/latex/beamer/beamerbasetoc.sty)
(/usr/local/texlive/2025/texmf-dist/tex/latex/beamer/beamerbasetemplates.sty
\beamer@sbttoks=\toks33

(/usr/local/texlive/2025/texmf-dist/tex/latex/beamer/beamerbaseauxtemplates.sty
(/usr/local/texlive/2025/texmf-dist/tex/latex/beamer/beamerbaseboxes.sty
\bmb@box=\box73
\bmb@colorbox=\box74
\bmb@boxwidth=\dimen275
\bmb@boxheight=\dimen276
\bmb@prevheight=\dimen277
\bmb@temp=\dimen278
\bmb@dima=\dimen279
\bmb@dimb=\dimen280
\bmb@prevheight=\dimen281
)
\beamer@blockheadheight=\dimen282
))
(/usr/local/texlive/2025/texmf-dist/tex/latex/beamer/beamerbaselocalstructure.s
ty (/usr/local/texlive/2025/texmf-dist/tex/latex/tools/enumerate.sty
Package: enumerate 2023/07/04 v3.00 enumerate extensions (DPC)
\@enLab=\toks34
)
\beamer@bibiconwidth=\skip57
\c@figure=\count330
\c@table=\count331
\abovecaptionskip=\skip58
\belowcaptionskip=\skip59
)
(/usr/local/texlive/2025/texmf-dist/tex/latex/beamer/beamerbasenavigation.sty
(/usr/local/texlive/2025/texmf-dist/tex/latex/beamer/beamerbasenavigationsymbol
s.tex)
\beamer@section@min@dim=\dimen283
)
(/usr/local/texlive/2025/texmf-dist/tex/latex/beamer/beamerbasetheorems.sty
(/usr/local/texlive/2025/texmf-dist/tex/latex/amsmath/amsmath.sty
Package: amsmath 2024/11/05 v2.17t AMS math features
\@mathmargin=\skip60

For additional information on amsmath, use the `?' option.
(/usr/local/texlive/2025/texmf-dist/tex/latex/amsmath/amstext.sty
Package: amstext 2021/08/26 v2.01 AMS text

(/usr/local/texlive/2025/texmf-dist/tex/latex/amsmath/amsgen.sty
File: amsgen.sty 1999/11/30 v2.0 generic functions
\@emptytoks=\toks35
\ex@=\dimen284
))
(/usr/local/texlive/2025/texmf-dist/tex/latex/amsmath/amsbsy.sty
Package: amsbsy 1999/11/29 v1.2d Bold Symbols
\pmbraise@=\dimen285
)
(/usr/local/texlive/2025/texmf-dist/tex/latex/amsmath/amsopn.sty
Package: amsopn 2022/04/08 v2.04 operator names
)
\inf@bad=\count332
LaTeX Info: Redefining \frac on input line 233.
\uproot@=\count333
\leftroot@=\count334
LaTeX Info: Redefining \overline on input line 398.
LaTeX Info: Redefining \colon on input line 409.
\classnum@=\count335
\DOTSCASE@=\count336
LaTeX Info: Redefining \ldots on input line 495.
LaTeX Info: Redefining \dots on input line 498.
LaTeX Info: Redefining \cdots on input line 619.
\Mathstrutbox@=\box75
\strutbox@=\box76
LaTeX Info: Redefining \big on input line 721.
LaTeX Info: Redefining \Big on input line 722.
LaTeX Info: Redefining \bigg on input line 723.
LaTeX Info: Redefining \Bigg on input line 724.
\big@size=\dimen286
LaTeX Font Info:    Redeclaring font encoding OML on input line 742.
LaTeX Font Info:    Redeclaring font encoding OMS on input line 743.
\macc@depth=\count337
LaTeX Info: Redefining \bmod on input line 904.
LaTeX Info: Redefining \pmod on input line 909.
LaTeX Info: Redefining \smash on input line 939.
LaTeX Info: Redefining \relbar on input line 969.
LaTeX Info: Redefining \Relbar on input line 970.
\c@MaxMatrixCols=\count338
\dotsspace@=\muskip18
\c@parentequation=\count339
\dspbrk@lvl=\count340
\tag@help=\toks36
\row@=\count341
\column@=\count342
\maxfields@=\count343
\andhelp@=\toks37
\eqnshift@=\dimen287
\alignsep@=\dimen288
\tagshift@=\dimen289
\tagwidth@=\dimen290
\totwidth@=\dimen291
\lineht@=\dimen292
\@envbody=\toks38
\multlinegap=\skip61
\multlinetaggap=\skip62
\mathdisplay@stack=\toks39
LaTeX Info: Redefining \[ on input line 2953.
LaTeX Info: Redefining \] on input line 2954.
)
(/usr/local/texlive/2025/texmf-dist/tex/latex/amscls/amsthm.sty
Package: amsthm 2020/05/29 v2.20.6
\thm@style=\toks40
\thm@bodyfont=\toks41
\thm@headfont=\toks42
\thm@notefont=\toks43
\thm@headpunct=\toks44
\thm@preskip=\skip63
\thm@postskip=\skip64
\thm@headsep=\skip65
\dth@everypar=\toks45
)
\c@theorem=\count344
)
(/usr/local/texlive/2025/texmf-dist/tex/latex/beamer/beamerbasethemes.sty))
(/usr/local/texlive/2025/texmf-dist/tex/latex/beamer/beamerthemedefault.sty
(/usr/local/texlive/2025/texmf-dist/tex/latex/beamer/beamerfontthemedefault.sty
)
(/usr/local/texlive/2025/texmf-dist/tex/latex/beamer/beamercolorthemedefault.st
y)
(/usr/local/texlive/2025/texmf-dist/tex/latex/beamer/beamerinnerthemedefault.st
y
\beamer@dima=\dimen293
\beamer@dimb=\dimen294
)
(/usr/local/texlive/2025/texmf-dist/tex/latex/beamer/beamerouterthemedefault.st
y))) (/usr/local/texlive/2025/texmf-dist/tex/latex/base/inputenc.sty
Package: inputenc 2024/02/08 v1.3d Input encoding file
\inpenc@prehook=\toks46
\inpenc@posthook=\toks47
)
\sympureletters=\mathgroup6
LaTeX Font Info:    Overwriting symbol font `pureletters' in version `bold'
(Font)                  OT1/mathkerncmss/m/sl --> OT1/mathkerncmss/bx/sl on inp
ut line 4.

(/usr/local/texlive/2025/texmf-dist/tex/latex/tools/bm.sty
Package: bm 2023/12/19 v1.2f Bold Symbol Support (DPC/FMi)
\symboldoperators=\mathgroup7
\symboldletters=\mathgroup8
\symboldsymbols=\mathgroup9
Package bm Info: No bold for \OMX/cmex/m/n, using \pmb.
Package bm Info: No bold for \U/msa/m/n, using \pmb.
Package bm Info: No bold for \U/msb/m/n, using \pmb.
\symboldpureletters=\mathgroup10
LaTeX Font Info:    Redeclaring math alphabet \mathbf on input line 149.
)
(/usr/local/texlive/2025/texmf-dist/tex/latex/physics/physics.sty
Package: physics 

(/usr/local/texlive/2025/texmf-dist/tex/latex/l3packages/xparse/xparse.sty
(/usr/local/texlive/2025/texmf-dist/tex/latex/l3kernel/expl3.sty
Package: expl3 2025-01-18 L3 programming layer (loader) 

(/usr/local/texlive/2025/texmf-dist/tex/latex/l3backend/l3backend-pdftex.def
File: l3backend-pdftex.def 2024-05-08 L3 backend support: PDF output (pdfTeX)
\l__color_backend_stack_int=\count345
\l__pdf_internal_box=\box77
))
Package: xparse 2024-08-16 L3 Experimental document command parser
)) (/usr/local/texlive/2025/texmf-dist/tex/latex/beamer/xmpmulti.sty
\@mpm@count=\count346
)
(/usr/local/texlive/2025/texmf-dist/tex/latex/pgf/frontendlayer/tikz.sty
(/usr/local/texlive/2025/texmf-dist/tex/latex/pgf/basiclayer/pgf.sty
Package: pgf 2023-01-15 v3.1.10 (3.1.10)

(/usr/local/texlive/2025/texmf-dist/tex/generic/pgf/modules/pgfmoduleshapes.cod
e.tex
File: pgfmoduleshapes.code.tex 2023-01-15 v3.1.10 (3.1.10)
\pgfnodeparttextbox=\box78
)
(/usr/local/texlive/2025/texmf-dist/tex/generic/pgf/modules/pgfmoduleplot.code.
tex
File: pgfmoduleplot.code.tex 2023-01-15 v3.1.10 (3.1.10)
)
(/usr/local/texlive/2025/texmf-dist/tex/latex/pgf/compatibility/pgfcomp-version
-0-65.sty
Package: pgfcomp-version-0-65 2023-01-15 v3.1.10 (3.1.10)
\pgf@nodesepstart=\dimen295
\pgf@nodesepend=\dimen296
)
(/usr/local/texlive/2025/texmf-dist/tex/latex/pgf/compatibility/pgfcomp-version
-1-18.sty
Package: pgfcomp-version-1-18 2023-01-15 v3.1.10 (3.1.10)
))
(/usr/local/texlive/2025/texmf-dist/tex/latex/pgf/utilities/pgffor.sty
(/usr/local/texlive/2025/texmf-dist/tex/generic/pgf/utilities/pgffor.code.tex
Package: pgffor 2023-01-15 v3.1.10 (3.1.10)
\pgffor@iter=\dimen297
\pgffor@skip=\dimen298
\pgffor@stack=\toks48
\pgffor@toks=\toks49
))
(/usr/local/texlive/2025/texmf-dist/tex/generic/pgf/frontendlayer/tikz/tikz.cod
e.tex
Package: tikz 2023-01-15 v3.1.10 (3.1.10)

(/usr/local/texlive/2025/texmf-dist/tex/generic/pgf/libraries/pgflibraryplothan
dlers.code.tex
File: pgflibraryplothandlers.code.tex 2023-01-15 v3.1.10 (3.1.10)
\pgf@plot@mark@count=\count347
\pgfplotmarksize=\dimen299
)
\tikz@lastx=\dimen300
\tikz@lasty=\dimen301
\tikz@lastxsaved=\dimen302
\tikz@lastysaved=\dimen303
\tikz@lastmovetox=\dimen304
\tikz@lastmovetoy=\dimen305
\tikzleveldistance=\dimen306
\tikzsiblingdistance=\dimen307
\tikz@figbox=\box79
\tikz@figbox@bg=\box80
\tikz@tempbox=\box81
\tikz@tempbox@bg=\box82
\tikztreelevel=\count348
\tikznumberofchildren=\count349
\tikznumberofcurrentchild=\count350
\tikz@fig@count=\count351

(/usr/local/texlive/2025/texmf-dist/tex/generic/pgf/modules/pgfmodulematrix.cod
e.tex
File: pgfmodulematrix.code.tex 2023-01-15 v3.1.10 (3.1.10)
\pgfmatrixcurrentrow=\count352
\pgfmatrixcurrentcolumn=\count353
\pgf@matrix@numberofcolumns=\count354
)
\tikz@expandcount=\count355

(/usr/local/texlive/2025/texmf-dist/tex/generic/pgf/frontendlayer/tikz/librarie
s/tikzlibrarytopaths.code.tex
File: tikzlibrarytopaths.code.tex 2023-01-15 v3.1.10 (3.1.10)
)))
(/usr/local/texlive/2025/texmf-dist/tex/latex/pgfplots/pgfplots.sty
(/usr/local/texlive/2025/texmf-dist/tex/generic/pgfplots/pgfplots.revision.tex)
Package: pgfplots 2021/05/15 v1.18.1 Data Visualization (1.18.1)
(/usr/local/texlive/2025/texmf-dist/tex/generic/pgfplots/pgfplots.code.tex
(/usr/local/texlive/2025/texmf-dist/tex/generic/pgfplots/pgfplotscore.code.tex
\t@pgfplots@toka=\toks50
\t@pgfplots@tokb=\toks51
\t@pgfplots@tokc=\toks52
\pgfplots@tmpa=\dimen308
\c@pgfplots@coordindex=\count356
\c@pgfplots@scanlineindex=\count357

(/usr/local/texlive/2025/texmf-dist/tex/generic/pgfplots/sys/pgfplotssysgeneric
.code.tex))
(/usr/local/texlive/2025/texmf-dist/tex/generic/pgfplots/libs/pgfplotslibrary.c
ode.tex)
(/usr/local/texlive/2025/texmf-dist/tex/generic/pgfplots/oldpgfcompatib/pgfplot
soldpgfsupp_loader.code.tex
(/usr/local/texlive/2025/texmf-dist/tex/generic/pgf/libraries/pgflibraryfpu.cod
e.tex)
Package pgfplots: loading complementary utilities for your pgf version...
\t@pgf@toka=\toks53
\t@pgf@tokb=\toks54
\t@pgf@tokc=\toks55

(/usr/local/texlive/2025/texmf-dist/tex/generic/pgfplots/oldpgfcompatib/pgfplot
soldpgfsupp_pgfutil-common-lists.tex))
(/usr/local/texlive/2025/texmf-dist/tex/generic/pgfplots/util/pgfplotsutil.code
.tex
(/usr/local/texlive/2025/texmf-dist/tex/generic/pgfplots/liststructure/pgfplots
liststructure.code.tex)
(/usr/local/texlive/2025/texmf-dist/tex/generic/pgfplots/liststructure/pgfplots
liststructureext.code.tex)
(/usr/local/texlive/2025/texmf-dist/tex/generic/pgfplots/liststructure/pgfplots
array.code.tex
\c@pgfplotsarray@tmp=\count358
)
(/usr/local/texlive/2025/texmf-dist/tex/generic/pgfplots/liststructure/pgfplots
matrix.code.tex)
(/usr/local/texlive/2025/texmf-dist/tex/generic/pgfplots/numtable/pgfplotstable
shared.code.tex
\c@pgfplotstable@counta=\count359
\t@pgfplotstable@a=\toks56
)
(/usr/local/texlive/2025/texmf-dist/tex/generic/pgfplots/liststructure/pgfplots
deque.code.tex)
(/usr/local/texlive/2025/texmf-dist/tex/generic/pgfplots/util/pgfplotsbinary.co
de.tex
(/usr/local/texlive/2025/texmf-dist/tex/generic/pgfplots/util/pgfplotsbinary.da
ta.code.tex))
(/usr/local/texlive/2025/texmf-dist/tex/generic/pgfplots/util/pgfplotsutil.verb
.code.tex)
(/usr/local/texlive/2025/texmf-dist/tex/generic/pgfplots/libs/pgflibrarypgfplot
s.surfshading.code.tex
\c@pgfplotslibrarysurf@no=\count360

(/usr/local/texlive/2025/texmf-dist/tex/generic/pgfplots/sys/pgflibrarypgfplots
.surfshading.pgfsys-pdftex.def)))
(/usr/local/texlive/2025/texmf-dist/tex/generic/pgfplots/util/pgfplotscolormap.
code.tex
(/usr/local/texlive/2025/texmf-dist/tex/generic/pgfplots/util/pgfplotscolor.cod
e.tex))
(/usr/local/texlive/2025/texmf-dist/tex/generic/pgfplots/pgfplotsstackedplots.c
ode.tex)
(/usr/local/texlive/2025/texmf-dist/tex/generic/pgfplots/pgfplotsplothandlers.c
ode.tex
(/usr/local/texlive/2025/texmf-dist/tex/generic/pgfplots/pgfplotsmeshplothandle
r.code.tex
(/usr/local/texlive/2025/texmf-dist/tex/generic/pgfplots/pgfplotsmeshplotimage.
code.tex)))
(/usr/local/texlive/2025/texmf-dist/tex/generic/pgfplots/pgfplots.scaling.code.
tex)
(/usr/local/texlive/2025/texmf-dist/tex/generic/pgfplots/pgfplotscoordprocessin
g.code.tex)
(/usr/local/texlive/2025/texmf-dist/tex/generic/pgfplots/pgfplots.errorbars.cod
e.tex)
(/usr/local/texlive/2025/texmf-dist/tex/generic/pgfplots/pgfplots.markers.code.
tex)
(/usr/local/texlive/2025/texmf-dist/tex/generic/pgfplots/pgfplotsticks.code.tex
)
(/usr/local/texlive/2025/texmf-dist/tex/generic/pgfplots/pgfplots.paths.code.te
x)
(/usr/local/texlive/2025/texmf-dist/tex/generic/pgf/frontendlayer/tikz/librarie
s/tikzlibrarydecorations.code.tex
(/usr/local/texlive/2025/texmf-dist/tex/generic/pgf/modules/pgfmoduledecoration
s.code.tex
\pgfdecoratedcompleteddistance=\dimen309
\pgfdecoratedremainingdistance=\dimen310
\pgfdecoratedinputsegmentcompleteddistance=\dimen311
\pgfdecoratedinputsegmentremainingdistance=\dimen312
\pgf@decorate@distancetomove=\dimen313
\pgf@decorate@repeatstate=\count361
\pgfdecorationsegmentamplitude=\dimen314
\pgfdecorationsegmentlength=\dimen315
)
\tikz@lib@dec@box=\box83
)
(/usr/local/texlive/2025/texmf-dist/tex/generic/pgf/frontendlayer/tikz/librarie
s/tikzlibrarydecorations.pathmorphing.code.tex
(/usr/local/texlive/2025/texmf-dist/tex/generic/pgf/libraries/decorations/pgfli
brarydecorations.pathmorphing.code.tex))
(/usr/local/texlive/2025/texmf-dist/tex/generic/pgf/frontendlayer/tikz/librarie
s/tikzlibrarydecorations.pathreplacing.code.tex
(/usr/local/texlive/2025/texmf-dist/tex/generic/pgf/libraries/decorations/pgfli
brarydecorations.pathreplacing.code.tex))
(/usr/local/texlive/2025/texmf-dist/tex/generic/pgfplots/libs/tikzlibrarypgfplo
ts.contourlua.code.tex)
\pgfplots@numplots=\count362
\pgfplots@xmin@reg=\dimen316
\pgfplots@xmax@reg=\dimen317
\pgfplots@ymin@reg=\dimen318
\pgfplots@ymax@reg=\dimen319
\pgfplots@zmin@reg=\dimen320
\pgfplots@zmax@reg=\dimen321
)
(/usr/local/texlive/2025/texmf-dist/tex/generic/pgf/frontendlayer/tikz/librarie
s/tikzlibraryplotmarks.code.tex
File: tikzlibraryplotmarks.code.tex 2023-01-15 v3.1.10 (3.1.10)

(/usr/local/texlive/2025/texmf-dist/tex/generic/pgf/libraries/pgflibraryplotmar
ks.code.tex
File: pgflibraryplotmarks.code.tex 2023-01-15 v3.1.10 (3.1.10)
)))
(/usr/local/texlive/2025/texmf-dist/tex/latex/siunitx/siunitx.sty
Package: siunitx 2025-02-27 v3.4.6 A comprehensive (SI) units package
\l__siunitx_number_uncert_offset_int=\count363
\l__siunitx_number_exponent_fixed_int=\count364
\l__siunitx_number_min_decimal_int=\count365
\l__siunitx_number_min_integer_int=\count366
\l__siunitx_number_round_precision_int=\count367
\l__siunitx_number_lower_threshold_int=\count368
\l__siunitx_number_upper_threshold_int=\count369
\l__siunitx_number_group_first_int=\count370
\l__siunitx_number_group_size_int=\count371
\l__siunitx_number_group_minimum_int=\count372
\l__siunitx_angle_tmp_dim=\dimen322
\l__siunitx_angle_marker_box=\box84
\l__siunitx_angle_unit_box=\box85
\l__siunitx_compound_count_int=\count373

(/usr/local/texlive/2025/texmf-dist/tex/latex/translations/translations.sty
Package: translations 2022/02/05 v1.12 internationalization of LaTeX2e packages
 (CN)
)
\l__siunitx_table_tmp_box=\box86
\l__siunitx_table_tmp_dim=\dimen323
\l__siunitx_table_column_width_dim=\dimen324
\l__siunitx_table_integer_box=\box87
\l__siunitx_table_decimal_box=\box88
\l__siunitx_table_uncert_box=\box89
\l__siunitx_table_before_box=\box90
\l__siunitx_table_after_box=\box91
\l__siunitx_table_before_dim=\dimen325
\l__siunitx_table_carry_dim=\dimen326
\l__siunitx_unit_tmp_int=\count374
\l__siunitx_unit_position_int=\count375
\l__siunitx_unit_total_int=\count376

(/usr/local/texlive/2025/texmf-dist/tex/latex/tools/array.sty
Package: array 2024/10/17 v2.6g Tabular extension package (FMi)
\col@sep=\dimen327
\ar@mcellbox=\box92
\extrarowheight=\dimen328
\NC@list=\toks57
\extratabsurround=\skip66
\backup@length=\skip67
\ar@cellbox=\box93
))
(/usr/local/texlive/2025/texmf-dist/tex/latex/tools/longtable.sty
Package: longtable 2024-10-27 v4.22 Multi-page Table package (DPC)
\LTleft=\skip68
\LTright=\skip69
\LTpre=\skip70
\LTpost=\skip71
\LTchunksize=\count377
\LTcapwidth=\dimen329
\LT@head=\box94
\LT@firsthead=\box95
\LT@foot=\box96
\LT@lastfoot=\box97
\LT@gbox=\box98
\LT@cols=\count378
\LT@rows=\count379
\c@LT@tables=\count380
\c@LT@chunks=\count381
\LT@p@ftn=\toks58
)
(/usr/local/texlive/2025/texmf-dist/tex/latex/braket/braket.sty)
(/usr/local/texlive/2025/texmf-dist/tex/generic/pgf/libraries/pgflibraryarrows.
meta.code.tex
File: pgflibraryarrows.meta.code.tex 2023-01-15 v3.1.10 (3.1.10)
\pgfarrowinset=\dimen330
\pgfarrowlength=\dimen331
\pgfarrowwidth=\dimen332
\pgfarrowlinewidth=\dimen333
)
(/usr/local/texlive/2025/texmf-dist/tex/generic/pgf/frontendlayer/tikz/librarie
s/tikzlibraryshapes.misc.code.tex
File: tikzlibraryshapes.misc.code.tex 2023-01-15 v3.1.10 (3.1.10)

(/usr/local/texlive/2025/texmf-dist/tex/generic/pgf/libraries/shapes/pgflibrary
shapes.misc.code.tex
File: pgflibraryshapes.misc.code.tex 2023-01-15 v3.1.10 (3.1.10)
))
(/usr/local/texlive/2025/texmf-dist/tex/generic/pgf/frontendlayer/tikz/librarie
s/tikzlibrarypositioning.code.tex
File: tikzlibrarypositioning.code.tex 2023-01-15 v3.1.10 (3.1.10)
)
(/usr/local/texlive/2025/texmf-dist/tex/generic/pgf/frontendlayer/tikz/librarie
s/tikzlibrarybackgrounds.code.tex
File: tikzlibrarybackgrounds.code.tex 2023-01-15 v3.1.10 (3.1.10)
\pgf@layerbox@background=\box99
\pgf@layerboxsaved@background=\box100
)
(/usr/local/texlive/2025/texmf-dist/tex/generic/pgf/frontendlayer/tikz/librarie
s/tikzlibrarycalc.code.tex
File: tikzlibrarycalc.code.tex 2023-01-15 v3.1.10 (3.1.10)
)
(/usr/local/texlive/2025/texmf-dist/tex/generic/pgf/frontendlayer/tikz/librarie
s/tikzlibrarydecorations.markings.code.tex
(/usr/local/texlive/2025/texmf-dist/tex/generic/pgf/libraries/decorations/pgfli
brarydecorations.markings.code.tex))
(/usr/local/texlive/2025/texmf-dist/tex/latex/beamer/beamerthemeMadrid.sty
(/usr/local/texlive/2025/texmf-dist/tex/latex/beamer/beamercolorthemewhale.sty)

(/usr/local/texlive/2025/texmf-dist/tex/latex/beamer/beamercolorthemeorchid.sty
)
(/usr/local/texlive/2025/texmf-dist/tex/latex/beamer/beamerinnerthemerounded.st
y)
(/usr/local/texlive/2025/texmf-dist/tex/latex/beamer/beamerouterthemeinfolines.
sty))
(/usr/local/texlive/2025/texmf-dist/tex/latex/beamer/beamercolorthemeseagull.st
y)
Package translations Info: No language package found. I am going to use `englis
h' as default language. on input line 23.
 (./quantumlaw.aux)
\openout1 = `quantumlaw.aux'.

LaTeX Font Info:    Checking defaults for OML/cmm/m/it on input line 23.
LaTeX Font Info:    ... okay on input line 23.
LaTeX Font Info:    Checking defaults for OMS/cmsy/m/n on input line 23.
LaTeX Font Info:    ... okay on input line 23.
LaTeX Font Info:    Checking defaults for OT1/cmr/m/n on input line 23.
LaTeX Font Info:    ... okay on input line 23.
LaTeX Font Info:    Checking defaults for T1/cmr/m/n on input line 23.
LaTeX Font Info:    ... okay on input line 23.
LaTeX Font Info:    Checking defaults for TS1/cmr/m/n on input line 23.
LaTeX Font Info:    ... okay on input line 23.
LaTeX Font Info:    Checking defaults for OMX/cmex/m/n on input line 23.
LaTeX Font Info:    ... okay on input line 23.
LaTeX Font Info:    Checking defaults for U/cmr/m/n on input line 23.
LaTeX Font Info:    ... okay on input line 23.
LaTeX Font Info:    Checking defaults for PD1/pdf/m/n on input line 23.
LaTeX Font Info:    ... okay on input line 23.
LaTeX Font Info:    Checking defaults for PU/pdf/m/n on input line 23.
LaTeX Font Info:    ... okay on input line 23.

*geometry* driver: auto-detecting
*geometry* detected driver: pdftex
*geometry* verbose mode - [ preamble ] result:
* driver: pdftex
* paper: custom
* layout: <same size as paper>
* layoutoffset:(h,v)=(0.0pt,0.0pt)
* modes: includehead includefoot 
* h-part:(L,W,R)=(10.95003pt, 342.2953pt, 10.95003pt)
* v-part:(T,H,B)=(0.0pt, 273.14662pt, 0.0pt)
* \paperwidth=364.19536pt
* \paperheight=273.14662pt
* \textwidth=342.2953pt
* \textheight=244.6939pt
* \oddsidemargin=-61.31996pt
* \evensidemargin=-61.31996pt
* \topmargin=-72.26999pt
* \headheight=14.22636pt
* \headsep=0.0pt
* \topskip=11.0pt
* \footskip=14.22636pt
* \marginparwidth=4.0pt
* \marginparsep=10.0pt
* \columnsep=10.0pt
* \skip\footins=10.0pt plus 4.0pt minus 2.0pt
* \hoffset=0.0pt
* \voffset=0.0pt
* \mag=1000
* \@twocolumnfalse
* \@twosidefalse
* \@mparswitchfalse
* \@reversemarginfalse
* (1in=72.27pt=25.4mm, 1cm=28.453pt)

(/usr/local/texlive/2025/texmf-dist/tex/context/base/mkii/supp-pdf.mkii
[Loading MPS to PDF converter (version 2006.09.02).]
\scratchcounter=\count382
\scratchdimen=\dimen334
\scratchbox=\box101
\nofMPsegments=\count383
\nofMParguments=\count384
\everyMPshowfont=\toks59
\MPscratchCnt=\count385
\MPscratchDim=\dimen335
\MPnumerator=\count386
\makeMPintoPDFobject=\count387
\everyMPtoPDFconversion=\toks60
) (/usr/local/texlive/2025/texmf-dist/tex/latex/epstopdf-pkg/epstopdf-base.sty
Package: epstopdf-base 2020-01-24 v2.11 Base part for package epstopdf
Package epstopdf-base Info: Redefining graphics rule for `.eps' on input line 4
85.

(/usr/local/texlive/2025/texmf-dist/tex/latex/latexconfig/epstopdf-sys.cfg
File: epstopdf-sys.cfg 2010/07/13 v1.3 Configuration of (r)epstopdf for TeX Liv
e
))
Package hyperref Info: Link coloring OFF on input line 23.

(./quantumlaw.out) (./quantumlaw.out)
\@outlinefile=\write5
\openout5 = `quantumlaw.out'.

LaTeX Font Info:    Overwriting symbol font `operators' in version `normal'
(Font)                  OT1/cmr/m/n --> OT1/cmss/m/n on input line 23.
LaTeX Font Info:    Overwriting symbol font `operators' in version `bold'
(Font)                  OT1/cmr/bx/n --> OT1/cmss/b/n on input line 23.
\symnumbers=\mathgroup11
LaTeX Font Info:    Redeclaring symbol font `pureletters' on input line 23.
LaTeX Font Info:    Overwriting symbol font `pureletters' in version `normal'
(Font)                  OT1/mathkerncmss/m/sl --> OT1/cmss/m/it on input line 2
3.
LaTeX Font Info:    Overwriting symbol font `pureletters' in version `bold'
(Font)                  OT1/mathkerncmss/bx/sl --> OT1/cmss/m/it on input line 
23.
LaTeX Font Info:    Overwriting math alphabet `\mathrm' in version `normal'
(Font)                  OT1/cmss/m/n --> OT1/cmr/m/n on input line 23.
LaTeX Font Info:    Redeclaring math alphabet \mathbf on input line 23.
LaTeX Font Info:    Redeclaring math alphabet \mathsf on input line 23.
LaTeX Font Info:    Overwriting math alphabet `\mathsf' in version `normal'
(Font)                  OT1/cmss/m/n --> OT1/cmss/m/n on input line 23.
LaTeX Font Info:    Overwriting math alphabet `\mathsf' in version `bold'
(Font)                  OT1/cmss/bx/n --> OT1/cmss/m/n on input line 23.
LaTeX Font Info:    Redeclaring math alphabet \mathit on input line 23.
LaTeX Font Info:    Overwriting math alphabet `\mathit' in version `normal'
(Font)                  OT1/cmr/m/it --> OT1/cmss/m/it on input line 23.
LaTeX Font Info:    Overwriting math alphabet `\mathit' in version `bold'
(Font)                  OT1/cmr/bx/it --> OT1/cmss/m/it on input line 23.
LaTeX Font Info:    Redeclaring math alphabet \mathtt on input line 23.
LaTeX Font Info:    Overwriting math alphabet `\mathtt' in version `normal'
(Font)                  OT1/cmtt/m/n --> OT1/cmtt/m/n on input line 23.
LaTeX Font Info:    Overwriting math alphabet `\mathtt' in version `bold'
(Font)                  OT1/cmtt/m/n --> OT1/cmtt/m/n on input line 23.
LaTeX Font Info:    Overwriting symbol font `numbers' in version `bold'
(Font)                  OT1/cmss/m/n --> OT1/cmss/b/n on input line 23.
LaTeX Font Info:    Overwriting symbol font `pureletters' in version `bold'
(Font)                  OT1/cmss/m/it --> OT1/cmss/b/it on input line 23.
LaTeX Font Info:    Overwriting math alphabet `\mathrm' in version `bold'
(Font)                  OT1/cmss/b/n --> OT1/cmr/b/n on input line 23.
LaTeX Font Info:    Overwriting math alphabet `\mathbf' in version `bold'
(Font)                  OT1/cmss/b/n --> OT1/cmss/b/n on input line 23.
LaTeX Font Info:    Overwriting math alphabet `\mathsf' in version `bold'
(Font)                  OT1/cmss/m/n --> OT1/cmss/b/n on input line 23.
LaTeX Font Info:    Overwriting math alphabet `\mathit' in version `bold'
(Font)                  OT1/cmss/m/it --> OT1/cmss/b/it on input line 23.
LaTeX Font Info:    Overwriting math alphabet `\mathtt' in version `bold'
(Font)                  OT1/cmtt/m/n --> OT1/cmtt/b/n on input line 23.
LaTeX Font Info:    Redeclaring symbol font `pureletters' on input line 23.
LaTeX Font Info:    Overwriting symbol font `pureletters' in version `normal'
(Font)                  OT1/cmss/m/it --> OT1/mathkerncmss/m/sl on input line 2
3.
LaTeX Font Info:    Overwriting symbol font `pureletters' in version `bold'
(Font)                  OT1/cmss/b/it --> OT1/mathkerncmss/m/sl on input line 2
3.
LaTeX Font Info:    Overwriting symbol font `pureletters' in version `bold'
(Font)                  OT1/mathkerncmss/m/sl --> OT1/mathkerncmss/bx/sl on inp
ut line 23.

(/usr/local/texlive/2025/texmf-dist/tex/latex/translator/translator-basic-dicti
onary-English.dict
Dictionary: translator-basic-dictionary, Language: English 
)
(/usr/local/texlive/2025/texmf-dist/tex/latex/translator/translator-bibliograph
y-dictionary-English.dict
Dictionary: translator-bibliography-dictionary, Language: English 
)
(/usr/local/texlive/2025/texmf-dist/tex/latex/translator/translator-environment
-dictionary-English.dict
Dictionary: translator-environment-dictionary, Language: English 
)
(/usr/local/texlive/2025/texmf-dist/tex/latex/translator/translator-months-dict
ionary-English.dict
Dictionary: translator-months-dictionary, Language: English 
)
(/usr/local/texlive/2025/texmf-dist/tex/latex/translator/translator-numbers-dic
tionary-English.dict
Dictionary: translator-numbers-dictionary, Language: English 
)
(/usr/local/texlive/2025/texmf-dist/tex/latex/translator/translator-theorem-dic
tionary-English.dict
Dictionary: translator-theorem-dictionary, Language: English 
)
Package pgfplots notification 'compat/show suggested version=true': document ha
s been generated with the most recent feature set (\pgfplotsset{compat=1.18}).


Package siunitx Warning: Detected the "physics" package:
(siunitx)                omitting definition of \qty.
(siunitx)                
(siunitx)                If you want to use \qty with the siunitx definition,
(siunitx)                add 
(siunitx)                
(siunitx)                    \AtBeginDocument{\RenewCommandCopy\qty\SI}
(siunitx)                
(siunitx)                to your preamble.


(/usr/local/texlive/2025/texmf-dist/tex/latex/translations/translations-basic-d
ictionary-english.trsl
File: translations-basic-dictionary-english.trsl (english translation file `tra
nslations-basic-dictionary')
)
Package translations Info: loading dictionary `translations-basic-dictionary' f
or `english'. on input line 23.
 (./quantumlaw.nav)

Package hyperref Warning: Option `pdfauthor' has already been used,
(hyperref)                setting the option has no effect on input line 26.


Overfull \hbox (209.38861pt too wide) in paragraph at lines 40--40
 [][]  \OT1/cmss/m/n/6 ([])  
 []


Overfull \hbox (127.85632pt too wide) in paragraph at lines 40--40
 [] [] 
 []

\openout4 = `quantumlaw.vrb'.


Overfull \hbox (209.38861pt too wide) in paragraph at lines 41--41
 [][]  \OT1/cmss/m/n/6 ([])  
 []


Overfull \hbox (127.85632pt too wide) in paragraph at lines 41--41
 [] [] 
 []

(./quantumlaw.vrb)

[1

{/usr/local/texlive/2025/texmf-var/fonts/map/pdftex/updmap/pdftex.map}]
Overfull \hbox (209.38861pt too wide) in paragraph at lines 45--45
 [][]  \OT1/cmss/m/n/6 ([])  
 []


Overfull \hbox (127.85632pt too wide) in paragraph at lines 45--45
 [] [] 
 []

\openout4 = `quantumlaw.vrb'.


Overfull \hbox (209.38861pt too wide) in paragraph at lines 57--57
 [][]  \OT1/cmss/m/n/6 ([])  
 []


Overfull \hbox (127.85632pt too wide) in paragraph at lines 57--57
 [] [] 
 []

(./quantumlaw.vrb)

[2

]
Overfull \hbox (209.38861pt too wide) in paragraph at lines 60--60
 [][]  \OT1/cmss/m/n/6 ([])  
 []


Overfull \hbox (127.85632pt too wide) in paragraph at lines 60--60
 [] [] 
 []

\openout4 = `quantumlaw.vrb'.


Overfull \hbox (209.38861pt too wide) in paragraph at lines 66--66
 [][]  \OT1/cmss/m/n/6 ([])  
 []


Overfull \hbox (127.85632pt too wide) in paragraph at lines 66--66
 [] [] 
 []

(./quantumlaw.vrb
<figures/figureintro.pdf, id=117, 1927.2pt x 1084.05pt>
File: figures/figureintro.pdf Graphic file (type pdf)
<use figures/figureintro.pdf>
Package pdftex.def Info: figures/figureintro.pdf  used on input line 5.
(pdftex.def)             Requested size: 359.4111pt x 202.16714pt.
)

[3

 <./figures/figureintro.pdf>]
Overfull \hbox (209.38861pt too wide) in paragraph at lines 69--69
 [][]  \OT1/cmss/m/n/6 ([])  
 []


Overfull \hbox (127.85632pt too wide) in paragraph at lines 69--69
 [] [] 
 []

\openout4 = `quantumlaw.vrb'.


Overfull \hbox (209.38861pt too wide) in paragraph at lines 76--76
 [][]  \OT1/cmss/m/n/6 ([])  
 []


Overfull \hbox (127.85632pt too wide) in paragraph at lines 76--76
 [] [] 
 []

(./quantumlaw.vrb)

[4

]
Overfull \hbox (209.38861pt too wide) in paragraph at lines 79--79
 [][]  \OT1/cmss/m/n/6 ([])  
 []


Overfull \hbox (127.85632pt too wide) in paragraph at lines 79--79
 [] [] 
 []

\openout4 = `quantumlaw.vrb'.


Overfull \hbox (209.38861pt too wide) in paragraph at lines 115--115
 [][]  \OT1/cmss/m/n/6 ([])  
 []


Overfull \hbox (127.85632pt too wide) in paragraph at lines 115--115
 [] [] 
 []

(./quantumlaw.vrb
Package pgfplots info on input line 15: Using 'lua backend=false' for axis: ymo
de=log unsupported (yet).
LaTeX Font Info:    Trying to load font information for U+msa on input line 34.


(/usr/local/texlive/2025/texmf-dist/tex/latex/amsfonts/umsa.fd
File: umsa.fd 2013/01/14 v3.01 AMS symbols A
)
LaTeX Font Info:    Trying to load font information for U+msb on input line 34.


(/usr/local/texlive/2025/texmf-dist/tex/latex/amsfonts/umsb.fd
File: umsb.fd 2013/01/14 v3.01 AMS symbols B
)
LaTeX Font Info:    Trying to load font information for OT1+mathkerncmss on inp
ut line 34.

(/usr/local/texlive/2025/texmf-dist/tex/latex/sansmathaccent/ot1mathkerncmss.fd
File: ot1mathkerncmss.fd 2020/01/31 Fontinst v1.933 font definitions for OT1/ma
thkerncmss.
)
Overfull \hbox (18.51715pt too wide) in paragraph at lines 35--36
[][]  
 []

)

[5

]
Overfull \hbox (209.38861pt too wide) in paragraph at lines 120--120
 [][]  \OT1/cmss/m/n/6 ([])  
 []


Overfull \hbox (127.85632pt too wide) in paragraph at lines 120--120
 [] [] 
 []

\openout4 = `quantumlaw.vrb'.


Overfull \hbox (209.38861pt too wide) in paragraph at lines 126--126
 [][]  \OT1/cmss/m/n/6 ([])  
 []


Overfull \hbox (127.85632pt too wide) in paragraph at lines 126--126
 [] [] 
 []

(./quantumlaw.vrb
<figures/aitalk2.png, id=243, 1552.80125pt x 811.03pt>
File: figures/aitalk2.png Graphic file (type png)
<use figures/aitalk2.png>
Package pdftex.def Info: figures/aitalk2.png  used on input line 5.
(pdftex.def)             Requested size: 342.2953pt x 178.77365pt.
)

[6

 <./figures/aitalk2.png>]
Overfull \hbox (209.38861pt too wide) in paragraph at lines 130--130
 [][]  \OT1/cmss/m/n/6 ([])  
 []


Overfull \hbox (127.85632pt too wide) in paragraph at lines 130--130
 [] [] 
 []

\openout4 = `quantumlaw.vrb'.


Overfull \hbox (209.38861pt too wide) in paragraph at lines 135--135
 [][]  \OT1/cmss/m/n/6 ([])  
 []


Overfull \hbox (127.85632pt too wide) in paragraph at lines 135--135
 [] [] 
 []

(./quantumlaw.vrb
<figures/aitalk1.png, id=273, 945.5325pt x 801.99625pt>
File: figures/aitalk1.png Graphic file (type png)
<use figures/aitalk1.png>
Package pdftex.def Info: figures/aitalk1.png  used on input line 4.
(pdftex.def)             Requested size: 239.60567pt x 203.22751pt.
)
Overfull \vbox (8.12364pt too high) detected at line 135
 []



[7

 <./figures/aitalk1.png>]
Overfull \hbox (209.38861pt too wide) in paragraph at lines 145--145
 [][]  \OT1/cmss/m/n/6 ([])  
 []


Overfull \hbox (127.85632pt too wide) in paragraph at lines 145--145
 [] [] 
 []




Overfull \hbox (209.38861pt too wide) has occurred while \output is active
 [][]  \OT1/cmss/m/n/6 ([])  
 []


Overfull \hbox (127.85632pt too wide) has occurred while \output is active
 [] [] 
 []

[8

]
Overfull \hbox (209.38861pt too wide) in paragraph at lines 148--148
 [][]  \OT1/cmss/m/n/6 ([])  
 []


Overfull \hbox (127.85632pt too wide) in paragraph at lines 148--148
 [] [] 
 []

\openout4 = `quantumlaw.vrb'.


Overfull \hbox (209.38861pt too wide) in paragraph at lines 154--154
 [][]  \OT1/cmss/m/n/6 ([])  
 []


Overfull \hbox (127.85632pt too wide) in paragraph at lines 154--154
 [] [] 
 []

(./quantumlaw.vrb
<figures/figuregoogle1.png, id=336, 1147.28625pt x 936.49875pt>
File: figures/figuregoogle1.png Graphic file (type png)
<use figures/figuregoogle1.png>
Package pdftex.def Info: figures/figuregoogle1.png  used on input line 5.
(pdftex.def)             Requested size: 359.4111pt x 293.36963pt.
)
Overfull \vbox (50.63242pt too high) detected at line 154
 []



[9

 <./figures/figuregoogle1.png>]
Overfull \hbox (209.38861pt too wide) in paragraph at lines 158--158
 [][]  \OT1/cmss/m/n/6 ([])  
 []


Overfull \hbox (127.85632pt too wide) in paragraph at lines 158--158
 [] [] 
 []

\openout4 = `quantumlaw.vrb'.


Overfull \hbox (209.38861pt too wide) in paragraph at lines 164--164
 [][]  \OT1/cmss/m/n/6 ([])  
 []


Overfull \hbox (127.85632pt too wide) in paragraph at lines 164--164
 [] [] 
 []

(./quantumlaw.vrb
<figures/miningthemoon.png, id=365, 821.0675pt x 649.42625pt>
File: figures/miningthemoon.png Graphic file (type png)
<use figures/miningthemoon.png>
Package pdftex.def Info: figures/miningthemoon.png  used on input line 5.
(pdftex.def)             Requested size: 359.4111pt x 284.27193pt.
)
Overfull \vbox (59.53471pt too high) detected at line 164
 []



[10

 <./figures/miningthemoon.png>]
Overfull \hbox (209.38861pt too wide) in paragraph at lines 190--190
 [][]  \OT1/cmss/m/n/6 ([])  
 []


Overfull \hbox (127.85632pt too wide) in paragraph at lines 190--190
 [] [] 
 []


Overfull \vbox (3.05682pt too high) detected at line 190
 []




Overfull \hbox (209.38861pt too wide) has occurred while \output is active
 [][]  \OT1/cmss/m/n/6 ([])  
 []


Overfull \hbox (127.85632pt too wide) has occurred while \output is active
 [] [] 
 []

[11

]
Overfull \hbox (209.38861pt too wide) in paragraph at lines 206--206
 [][]  \OT1/cmss/m/n/6 ([])  
 []


Overfull \hbox (127.85632pt too wide) in paragraph at lines 206--206
 [] [] 
 []




Overfull \hbox (209.38861pt too wide) has occurred while \output is active
 [][]  \OT1/cmss/m/n/6 ([])  
 []


Overfull \hbox (127.85632pt too wide) has occurred while \output is active
 [] [] 
 []

[12

]
Overfull \hbox (209.38861pt too wide) in paragraph at lines 283--283
 [][]  \OT1/cmss/m/n/6 ([])  
 []


Overfull \hbox (127.85632pt too wide) in paragraph at lines 283--283
 [] [] 
 []




Overfull \hbox (209.38861pt too wide) has occurred while \output is active
 [][]  \OT1/cmss/m/n/6 ([])  
 []


Overfull \hbox (127.85632pt too wide) has occurred while \output is active
 [] [] 
 []

[13

]
Overfull \hbox (209.38861pt too wide) in paragraph at lines 296--296
 [][]  \OT1/cmss/m/n/6 ([])  
 []


Overfull \hbox (127.85632pt too wide) in paragraph at lines 296--296
 [] [] 
 []




Overfull \hbox (209.38861pt too wide) has occurred while \output is active
 [][]  \OT1/cmss/m/n/6 ([])  
 []


Overfull \hbox (127.85632pt too wide) has occurred while \output is active
 [] [] 
 []

[14

]
Overfull \hbox (209.38861pt too wide) in paragraph at lines 392--392
 [][]  \OT1/cmss/m/n/6 ([])  
 []


Overfull \hbox (127.85632pt too wide) in paragraph at lines 392--392
 [] [] 
 []




Overfull \hbox (209.38861pt too wide) has occurred while \output is active
 [][]  \OT1/cmss/m/n/6 ([])  
 []


Overfull \hbox (127.85632pt too wide) has occurred while \output is active
 [] [] 
 []

[15

]
Overfull \hbox (209.38861pt too wide) in paragraph at lines 415--415
 [][]  \OT1/cmss/m/n/6 ([])  
 []


Overfull \hbox (127.85632pt too wide) in paragraph at lines 415--415
 [] [] 
 []




Overfull \hbox (209.38861pt too wide) has occurred while \output is active
 [][]  \OT1/cmss/m/n/6 ([])  
 []


Overfull \hbox (127.85632pt too wide) has occurred while \output is active
 [] [] 
 []

[16

]
Overfull \hbox (209.38861pt too wide) in paragraph at lines 435--435
 [][]  \OT1/cmss/m/n/6 ([])  
 []


Overfull \hbox (127.85632pt too wide) in paragraph at lines 435--435
 [] [] 
 []




Overfull \hbox (209.38861pt too wide) has occurred while \output is active
 [][]  \OT1/cmss/m/n/6 ([])  
 []


Overfull \hbox (127.85632pt too wide) has occurred while \output is active
 [] [] 
 []

[17

]
Overfull \hbox (209.38861pt too wide) in paragraph at lines 454--454
 [][]  \OT1/cmss/m/n/6 ([])  
 []


Overfull \hbox (127.85632pt too wide) in paragraph at lines 454--454
 [] [] 
 []




Overfull \hbox (209.38861pt too wide) has occurred while \output is active
 [][]  \OT1/cmss/m/n/6 ([])  
 []


Overfull \hbox (127.85632pt too wide) has occurred while \output is active
 [] [] 
 []

[18

]
Overfull \hbox (209.38861pt too wide) in paragraph at lines 468--468
 [][]  \OT1/cmss/m/n/6 ([])  
 []


Overfull \hbox (127.85632pt too wide) in paragraph at lines 468--468
 [] [] 
 []




Overfull \hbox (209.38861pt too wide) has occurred while \output is active
 [][]  \OT1/cmss/m/n/6 ([])  
 []


Overfull \hbox (127.85632pt too wide) has occurred while \output is active
 [] [] 
 []

[19

]
Overfull \hbox (209.38861pt too wide) in paragraph at lines 486--486
 [][]  \OT1/cmss/m/n/6 ([])  
 []


Overfull \hbox (127.85632pt too wide) in paragraph at lines 486--486
 [] [] 
 []




Overfull \hbox (209.38861pt too wide) has occurred while \output is active
 [][]  \OT1/cmss/m/n/6 ([])  
 []


Overfull \hbox (127.85632pt too wide) has occurred while \output is active
 [] [] 
 []

[20

]
Overfull \hbox (209.38861pt too wide) in paragraph at lines 489--489
 [][]  \OT1/cmss/m/n/6 ([])  
 []


Overfull \hbox (127.85632pt too wide) in paragraph at lines 489--489
 [] [] 
 []

\openout4 = `quantumlaw.vrb'.


Overfull \hbox (209.38861pt too wide) in paragraph at lines 509--509
 [][]  \OT1/cmss/m/n/6 ([])  
 []


Overfull \hbox (127.85632pt too wide) in paragraph at lines 509--509
 [] [] 
 []

(./quantumlaw.vrb)

[21

]
Overfull \hbox (209.38861pt too wide) in paragraph at lines 529--529
 [][]  \OT1/cmss/m/n/6 ([])  
 []


Overfull \hbox (127.85632pt too wide) in paragraph at lines 529--529
 [] [] 
 []




Overfull \hbox (209.38861pt too wide) has occurred while \output is active
 [][]  \OT1/cmss/m/n/6 ([])  
 []


Overfull \hbox (127.85632pt too wide) has occurred while \output is active
 [] [] 
 []

[22

]
Overfull \hbox (209.38861pt too wide) in paragraph at lines 545--545
 [][]  \OT1/cmss/m/n/6 ([])  
 []


Overfull \hbox (127.85632pt too wide) in paragraph at lines 545--545
 [] [] 
 []




Overfull \hbox (209.38861pt too wide) has occurred while \output is active
 [][]  \OT1/cmss/m/n/6 ([])  
 []


Overfull \hbox (127.85632pt too wide) has occurred while \output is active
 [] [] 
 []

[23

]
Overfull \hbox (209.38861pt too wide) in paragraph at lines 550--550
 [][]  \OT1/cmss/m/n/6 ([])  
 []


Overfull \hbox (127.85632pt too wide) in paragraph at lines 550--550
 [] [] 
 []

\openout4 = `quantumlaw.vrb'.


Overfull \hbox (209.38861pt too wide) in paragraph at lines 567--567
 [][]  \OT1/cmss/m/n/6 ([])  
 []


Overfull \hbox (127.85632pt too wide) in paragraph at lines 567--567
 [] [] 
 []

(./quantumlaw.vrb)

[24

]
Overfull \hbox (209.38861pt too wide) in paragraph at lines 570--570
 [][]  \OT1/cmss/m/n/6 ([])  
 []


Overfull \hbox (127.85632pt too wide) in paragraph at lines 570--570
 [] [] 
 []

\openout4 = `quantumlaw.vrb'.


Overfull \hbox (209.38861pt too wide) in paragraph at lines 582--582
 [][]  \OT1/cmss/m/n/6 ([])  
 []


Overfull \hbox (127.85632pt too wide) in paragraph at lines 582--582
 [] [] 
 []

(./quantumlaw.vrb)

[25

]
Overfull \hbox (209.38861pt too wide) in paragraph at lines 589--589
 [][]  \OT1/cmss/m/n/6 ([])  
 []


Overfull \hbox (127.85632pt too wide) in paragraph at lines 589--589
 [] [] 
 []

\openout4 = `quantumlaw.vrb'.


Overfull \hbox (209.38861pt too wide) in paragraph at lines 595--595
 [][]  \OT1/cmss/m/n/6 ([])  
 []


Overfull \hbox (127.85632pt too wide) in paragraph at lines 595--595
 [] [] 
 []

(./quantumlaw.vrb
<qcfigures/image1.png, id=877, 893.3375pt x 541.02126pt>
File: qcfigures/image1.png Graphic file (type png)
<use qcfigures/image1.png>
Package pdftex.def Info: qcfigures/image1.png  used on input line 5.
(pdftex.def)             Requested size: 308.06367pt x 186.56998pt.
)

[26

 <./qcfigures/image1.png>]
Overfull \hbox (209.38861pt too wide) in paragraph at lines 599--599
 [][]  \OT1/cmss/m/n/6 ([])  
 []


Overfull \hbox (127.85632pt too wide) in paragraph at lines 599--599
 [] [] 
 []

\openout4 = `quantumlaw.vrb'.


Overfull \hbox (209.38861pt too wide) in paragraph at lines 605--605
 [][]  \OT1/cmss/m/n/6 ([])  
 []


Overfull \hbox (127.85632pt too wide) in paragraph at lines 605--605
 [] [] 
 []

(./quantumlaw.vrb
<qcfigures/image2.png, id=909, 695.59875pt x 501.875pt>
File: qcfigures/image2.png Graphic file (type png)
<use qcfigures/image2.png>
Package pdftex.def Info: qcfigures/image2.png  used on input line 5.
(pdftex.def)             Requested size: 308.06367pt x 222.26538pt.
)

[27

 <./qcfigures/image2.png>]
Overfull \hbox (209.38861pt too wide) in paragraph at lines 608--608
 [][]  \OT1/cmss/m/n/6 ([])  
 []


Overfull \hbox (127.85632pt too wide) in paragraph at lines 608--608
 [] [] 
 []

\openout4 = `quantumlaw.vrb'.


Overfull \hbox (209.38861pt too wide) in paragraph at lines 614--614
 [][]  \OT1/cmss/m/n/6 ([])  
 []


Overfull \hbox (127.85632pt too wide) in paragraph at lines 614--614
 [] [] 
 []

(./quantumlaw.vrb
<qcfigures/image3.png, id=938, 707.64375pt x 613.29124pt>
File: qcfigures/image3.png Graphic file (type png)
<use qcfigures/image3.png>
Package pdftex.def Info: qcfigures/image3.png  used on input line 5.
(pdftex.def)             Requested size: 308.06367pt x 266.99477pt.
)
Overfull \vbox (42.25755pt too high) detected at line 614
 []



[28

 <./qcfigures/image3.png>]
Overfull \hbox (209.38861pt too wide) in paragraph at lines 617--617
 [][]  \OT1/cmss/m/n/6 ([])  
 []


Overfull \hbox (127.85632pt too wide) in paragraph at lines 617--617
 [] [] 
 []

\openout4 = `quantumlaw.vrb'.


Overfull \hbox (209.38861pt too wide) in paragraph at lines 624--624
 [][]  \OT1/cmss/m/n/6 ([])  
 []


Overfull \hbox (127.85632pt too wide) in paragraph at lines 624--624
 [] [] 
 []

(./quantumlaw.vrb
<qcfigures/image4.png, id=967, 675.52374pt x 396.48125pt>
File: qcfigures/image4.png Graphic file (type png)
<use qcfigures/image4.png>
Package pdftex.def Info: qcfigures/image4.png  used on input line 6.
(pdftex.def)             Requested size: 342.2953pt x 200.90204pt.
)

[29

 <./qcfigures/image4.png>]
Overfull \hbox (209.38861pt too wide) in paragraph at lines 627--627
 [][]  \OT1/cmss/m/n/6 ([])  
 []


Overfull \hbox (127.85632pt too wide) in paragraph at lines 627--627
 [] [] 
 []

\openout4 = `quantumlaw.vrb'.


Overfull \hbox (209.38861pt too wide) in paragraph at lines 633--633
 [][]  \OT1/cmss/m/n/6 ([])  
 []


Overfull \hbox (127.85632pt too wide) in paragraph at lines 633--633
 [] [] 
 []

(./quantumlaw.vrb
<qcfigures/image5.png, id=996, 636.3775pt x 383.4325pt>
File: qcfigures/image5.png Graphic file (type png)
<use qcfigures/image5.png>
Package pdftex.def Info: qcfigures/image5.png  used on input line 5.
(pdftex.def)             Requested size: 342.2953pt x 206.23721pt.
)

[30

 <./qcfigures/image5.png>]
Overfull \hbox (209.38861pt too wide) in paragraph at lines 637--637
 [][]  \OT1/cmss/m/n/6 ([])  
 []


Overfull \hbox (127.85632pt too wide) in paragraph at lines 637--637
 [] [] 
 []

\openout4 = `quantumlaw.vrb'.


Overfull \hbox (209.38861pt too wide) in paragraph at lines 644--644
 [][]  \OT1/cmss/m/n/6 ([])  
 []


Overfull \hbox (127.85632pt too wide) in paragraph at lines 644--644
 [] [] 
 []

(./quantumlaw.vrb
<qcfigures/image6.png, id=1025, 710.655pt x 500.87125pt>
File: qcfigures/image6.png Graphic file (type png)
<use qcfigures/image6.png>
Package pdftex.def Info: qcfigures/image6.png  used on input line 6.
(pdftex.def)             Requested size: 308.06367pt x 217.12823pt.
)

[31

 <./qcfigures/image6.png>]
Overfull \hbox (209.38861pt too wide) in paragraph at lines 655--655
 [][]  \OT1/cmss/m/n/6 ([])  
 []


Overfull \hbox (127.85632pt too wide) in paragraph at lines 655--655
 [] [] 
 []

<qcfigures/lab.jpeg, id=1053, 971.3088pt x 728.4816pt>
File: qcfigures/lab.jpeg Graphic file (type jpg)
<use qcfigures/lab.jpeg>
Package pdftex.def Info: qcfigures/lab.jpeg  used on input line 679.
(pdftex.def)             Requested size: 221.93199pt x 166.44678pt.

Overfull \vbox (2.8614pt too high) detected at line 679
 []




Overfull \hbox (209.38861pt too wide) has occurred while \output is active
 [][]  \OT1/cmss/m/n/6 ([])  
 []


Overfull \hbox (127.85632pt too wide) has occurred while \output is active
 [] [] 
 []

[32

 <./qcfigures/lab.jpeg>]
Overfull \hbox (209.38861pt too wide) in paragraph at lines 686--686
 [][]  \OT1/cmss/m/n/6 ([])  
 []


Overfull \hbox (127.85632pt too wide) in paragraph at lines 686--686
 [] [] 
 []

<qcfigures/nordicquantumfig1.png, id=1083, 669.50125pt x 601.24625pt>
File: qcfigures/nordicquantumfig1.png Graphic file (type png)
<use qcfigures/nordicquantumfig1.png>
Package pdftex.def Info: qcfigures/nordicquantumfig1.png  used on input line 70
6.
(pdftex.def)             Requested size: 170.7161pt x 153.31117pt.

Overfull \hbox (28.45232pt too wide) in paragraph at lines 706--706
 [] 
 []




Overfull \hbox (209.38861pt too wide) has occurred while \output is active
 [][]  \OT1/cmss/m/n/6 ([])  
 []


Overfull \hbox (127.85632pt too wide) has occurred while \output is active
 [] [] 
 []

[33

 <./qcfigures/nordicquantumfig1.png>]
Overfull \hbox (209.38861pt too wide) in paragraph at lines 710--710
 [][]  \OT1/cmss/m/n/6 ([])  
 []


Overfull \hbox (127.85632pt too wide) in paragraph at lines 710--710
 [] [] 
 []

<qcfigures/nordicquantumfig2.png, id=1112, 588.1975pt x 485.815pt>
File: qcfigures/nordicquantumfig2.png Graphic file (type png)
<use qcfigures/nordicquantumfig2.png>
Package pdftex.def Info: qcfigures/nordicquantumfig2.png  used on input line 72
3.
(pdftex.def)             Requested size: 170.7161pt x 141.00134pt.

Overfull \hbox (28.45232pt too wide) in paragraph at lines 723--723
 [] 
 []




Overfull \hbox (209.38861pt too wide) has occurred while \output is active
 [][]  \OT1/cmss/m/n/6 ([])  
 []


Overfull \hbox (127.85632pt too wide) has occurred while \output is active
 [] [] 
 []

[34

 <./qcfigures/nordicquantumfig2.png>]
Overfull \hbox (209.38861pt too wide) in paragraph at lines 726--726
 [][]  \OT1/cmss/m/n/6 ([])  
 []


Overfull \hbox (127.85632pt too wide) in paragraph at lines 726--726
 [] [] 
 []

<qcfigures/nordicquantumfig3.png, id=1142, 628.3475pt x 601.24625pt>
File: qcfigures/nordicquantumfig3.png Graphic file (type png)
<use qcfigures/nordicquantumfig3.png>
Package pdftex.def Info: qcfigures/nordicquantumfig3.png  used on input line 74
2.
(pdftex.def)             Requested size: 170.7161pt x 163.34782pt.

Overfull \hbox (28.45232pt too wide) in paragraph at lines 742--742
 [] 
 []




Overfull \hbox (209.38861pt too wide) has occurred while \output is active
 [][]  \OT1/cmss/m/n/6 ([])  
 []


Overfull \hbox (127.85632pt too wide) has occurred while \output is active
 [] [] 
 []

[35

 <./qcfigures/nordicquantumfig3.png>]
Overfull \hbox (209.38861pt too wide) in paragraph at lines 746--746
 [][]  \OT1/cmss/m/n/6 ([])  
 []


Overfull \hbox (127.85632pt too wide) in paragraph at lines 746--746
 [] [] 
 []

<qcfigures/nordicquantumfig4.png, id=1171, 562.1pt x 578.16pt>
File: qcfigures/nordicquantumfig4.png Graphic file (type png)
<use qcfigures/nordicquantumfig4.png>
Package pdftex.def Info: qcfigures/nordicquantumfig4.png  used on input line 75
9.
(pdftex.def)             Requested size: 170.7161pt x 175.59308pt.

Overfull \hbox (28.45232pt too wide) in paragraph at lines 759--759
 [] 
 []




Overfull \hbox (209.38861pt too wide) has occurred while \output is active
 [][]  \OT1/cmss/m/n/6 ([])  
 []


Overfull \hbox (127.85632pt too wide) has occurred while \output is active
 [] [] 
 []

[36

 <./qcfigures/nordicquantumfig4.png>]
Overfull \hbox (209.38861pt too wide) in paragraph at lines 762--762
 [][]  \OT1/cmss/m/n/6 ([])  
 []


Overfull \hbox (127.85632pt too wide) in paragraph at lines 762--762
 [] [] 
 []

\openout4 = `quantumlaw.vrb'.


Overfull \hbox (209.38861pt too wide) in paragraph at lines 775--775
 [][]  \OT1/cmss/m/n/6 ([])  
 []


Overfull \hbox (127.85632pt too wide) in paragraph at lines 775--775
 [] [] 
 []

(./quantumlaw.vrb)

[37

]
Overfull \hbox (209.38861pt too wide) in paragraph at lines 779--779
 [][]  \OT1/cmss/m/n/6 ([])  
 []


Overfull \hbox (127.85632pt too wide) in paragraph at lines 779--779
 [] [] 
 []

\openout4 = `quantumlaw.vrb'.


Overfull \hbox (209.38861pt too wide) in paragraph at lines 789--789
 [][]  \OT1/cmss/m/n/6 ([])  
 []


Overfull \hbox (127.85632pt too wide) in paragraph at lines 789--789
 [] [] 
 []

(./quantumlaw.vrb)

[38

]
Overfull \hbox (209.38861pt too wide) in paragraph at lines 795--795
 [][]  \OT1/cmss/m/n/6 ([])  
 []


Overfull \hbox (127.85632pt too wide) in paragraph at lines 795--795
 [] [] 
 []

\openout4 = `quantumlaw.vrb'.


Overfull \hbox (209.38861pt too wide) in paragraph at lines 806--806
 [][]  \OT1/cmss/m/n/6 ([])  
 []


Overfull \hbox (127.85632pt too wide) in paragraph at lines 806--806
 [] [] 
 []

(./quantumlaw.vrb)

[39

]
Overfull \hbox (209.38861pt too wide) in paragraph at lines 809--809
 [][]  \OT1/cmss/m/n/6 ([])  
 []


Overfull \hbox (127.85632pt too wide) in paragraph at lines 809--809
 [] [] 
 []

\openout4 = `quantumlaw.vrb'.


Overfull \hbox (209.38861pt too wide) in paragraph at lines 822--822
 [][]  \OT1/cmss/m/n/6 ([])  
 []


Overfull \hbox (127.85632pt too wide) in paragraph at lines 822--822
 [] [] 
 []

(./quantumlaw.vrb)

[40

]
\tf@nav=\write6
\openout6 = `quantumlaw.nav'.

\tf@toc=\write7
\openout7 = `quantumlaw.toc'.

\tf@snm=\write8
\openout8 = `quantumlaw.snm'.

 (./quantumlaw.aux)
 ***********
LaTeX2e <2024-11-01> patch level 2
L3 programming layer <2025-01-18>
 ***********
Package rerunfilecheck Info: File `quantumlaw.out' has not changed.
(rerunfilecheck)             Checksum: 659D01D2587651347F19EFB68D494AE3;634.
 ) 
Here is how much of TeX's memory you used:
 41422 strings out of 473190
 1016530 string characters out of 5715801
 1509894 words of memory out of 5000000
 63820 multiletter control sequences out of 15000+600000
 587660 words of font info for 125 fonts, out of 8000000 for 9000
 1141 hyphenation exceptions out of 8191
 128i,18n,123p,733b,2371s stack positions out of 10000i,1000n,20000p,200000b,200000s
</usr/local/texlive/2025/texmf-dist/fonts/type1/public/amsfonts/cm/cmex10.pfb
></usr/local/texlive/2025/texmf-dist/fonts/type1/public/amsfonts/cm/cmmi10.pfb>
</usr/local/texlive/2025/texmf-dist/fonts/type1/public/amsfonts/cm/cmmi6.pfb></
usr/local/texlive/2025/texmf-dist/fonts/type1/public/amsfonts/cm/cmmi8.pfb></us
r/local/texlive/2025/texmf-dist/fonts/type1/public/amsfonts/cm/cmmi9.pfb></usr/
local/texlive/2025/texmf-dist/fonts/type1/public/amsfonts/cm/cmss10.pfb></usr/l
ocal/texlive/2025/texmf-dist/fonts/type1/public/amsfonts/cm/cmss12.pfb></usr/lo
cal/texlive/2025/texmf-dist/fonts/type1/public/amsfonts/cm/cmss8.pfb></usr/loca
l/texlive/2025/texmf-dist/fonts/type1/public/amsfonts/cm/cmss9.pfb></usr/local/
texlive/2025/texmf-dist/fonts/type1/public/amsfonts/cm/cmssbx10.pfb></usr/local
/texlive/2025/texmf-dist/fonts/type1/public/amsfonts/cm/cmssi10.pfb></usr/local
/texlive/2025/texmf-dist/fonts/type1/public/amsfonts/cm/cmssi8.pfb></usr/local/
texlive/2025/texmf-dist/fonts/type1/public/amsfonts/cm/cmsy10.pfb></usr/local/t
exlive/2025/texmf-dist/fonts/type1/public/amsfonts/cm/cmsy8.pfb></usr/local/tex
live/2025/texmf-dist/fonts/type1/public/amsfonts/cm/cmsy9.pfb></usr/local/texli
ve/2025/texmf-dist/fonts/type1/public/amsfonts/cm/cmtt10.pfb></usr/local/texliv
e/2025/texmf-dist/fonts/type1/public/amsfonts/cm/cmtt12.pfb>
Output written on quantumlaw.pdf (40 pages, 11250105 bytes).
PDF statistics:
 1437 PDF objects out of 1440 (max. 8388607)
 1168 compressed objects within 12 object streams
 84 named destinations out of 1000 (max. 500000)
 567 words of extra memory for PDF output out of 10000 (max. 10000000)

